<?xml version="1.0" encoding="UTF-8"?>
<testsuite name="testing.ConcatenatedWordsTest" tests="5" skipped="0" failures="0" errors="0" timestamp="2017-11-17T16:25:03" hostname="DESKTOP-CO2J425" time="0.016">
  <properties/>
  <testcase name="freeTrieTest" classname="testing.ConcatenatedWordsTest" time="0.007"/>
  <testcase name="getFirstLongestConcatenatedWordTest" classname="testing.ConcatenatedWordsTest" time="0.002"/>
  <testcase name="getNumberOfConcatenatedWordsTest" classname="testing.ConcatenatedWordsTest" time="0.001"/>
  <testcase name="getSecondLongestConcatenatedWordTest" classname="testing.ConcatenatedWordsTest" time="0.001"/>
  <testcase name="findConcatenatedWordsTrieTest" classname="testing.ConcatenatedWordsTest" time="0.001"/>
  <system-out><![CDATA[]]></system-out>
  <system-err><![CDATA[]]></system-err>
</testsuite>
