<?xml version="1.0" encoding="UTF-8"?>
<testsuite name="testing.ConcatenatedWordsHashSetTest" tests="2" skipped="0" failures="0" errors="0" timestamp="2017-11-17T16:25:03" hostname="DESKTOP-CO2J425" time="0.052">
  <properties/>
  <testcase name="findConcatenatedWordsHashSetTest" classname="testing.ConcatenatedWordsHashSetTest" time="0.051"/>
  <testcase name="freeHashSetTest" classname="testing.ConcatenatedWordsHashSetTest" time="0.001"/>
  <system-out><![CDATA[]]></system-out>
  <system-err><![CDATA[]]></system-err>
</testsuite>
