<?xml version="1.0" encoding="UTF-8"?>
<testsuite name="testing.TrieTest" tests="2" skipped="0" failures="0" errors="0" timestamp="2017-11-17T16:25:05" hostname="DESKTOP-CO2J425" time="0.0">
  <properties/>
  <testcase name="trieIsPresentTest" classname="testing.TrieTest" time="0.0"/>
  <testcase name="trieInsertTest" classname="testing.TrieTest" time="0.0"/>
  <system-out><![CDATA[]]></system-out>
  <system-err><![CDATA[]]></system-err>
</testsuite>
